<?xml version="1.0" encoding="UTF-8"?>
<!-- Generated by org.testng.reporters.JUnitReportReporter -->
<testsuite hostname="DESKTOP-CJECPP6" failures="0" tests="1" name="com.parabank.tests.WebsiteLoginFailed" time="8.721" errors="0" timestamp="2023-11-03T14:04:07 CET" skipped="0">
  <testcase classname="com.parabank.tests.WebsiteLoginFailed" name="loginFailed" time="8.721"/>
  <system-out/>
</testsuite> <!-- com.parabank.tests.WebsiteLoginFailed -->
