<?xml version="1.0" encoding="UTF-8"?>
<!-- Generated by org.testng.reporters.JUnitReportReporter -->
<testsuite hostname="DESKTOP-CJECPP6" failures="0" tests="1" name="com.parabank.tests.WebsiteLoginFailedTest" time="8.252" errors="0" timestamp="2023-11-03T14:15:42 CET" skipped="0">
  <testcase classname="com.parabank.tests.WebsiteLoginFailedTest" name="loginFailed" time="8.252"/>
  <system-out/>
</testsuite> <!-- com.parabank.tests.WebsiteLoginFailedTest -->
