<?xml version="1.0" encoding="UTF-8"?>
<!-- Generated by org.testng.reporters.JUnitReportReporter -->
<testsuite hostname="DESKTOP-CJECPP6" failures="0" tests="1" name="com.parabank.tests.RegistrationTest" time="8.969" errors="0" timestamp="2023-11-03T14:15:42 CET" skipped="0">
  <testcase classname="com.parabank.tests.RegistrationTest" name="register" time="8.969"/>
  <system-out/>
</testsuite> <!-- com.parabank.tests.RegistrationTest -->
